  main.cpp
C:\Users\wwwol\Downloads\indiv3\Lab14\Mesh.h(130,37): warning C4267: аргумент: преобразование из "size_t" в "_Ty"; возможна потеря данных
          with
          [
              _Ty=GLuint
          ]
C:\Users\wwwol\Downloads\indiv3\Lab14\Mesh.h(146,37): warning C4267: аргумент: преобразование из "size_t" в "_Ty"; возможна потеря данных
          with
          [
              _Ty=GLuint
          ]
C:\Users\wwwol\Downloads\indiv3\Lab14\Mesh.h(162,37): warning C4267: аргумент: преобразование из "size_t" в "_Ty"; возможна потеря данных
          with
          [
              _Ty=GLuint
          ]
C:\Users\wwwol\Downloads\indiv3\Lab14\Mesh.h(197,45): warning C4267: аргумент: преобразование из "size_t" в "GLsizei"; возможна потеря данных
C:\Users\wwwol\Downloads\indiv3\Lab14\InstancedMesh.h(66,21): warning C4244: инициализация: преобразование "int" в "float", возможна потеря данных
C:\Users\wwwol\Downloads\indiv3\Lab14\InstancedMesh.h(67,21): warning C4244: инициализация: преобразование "int" в "float", возможна потеря данных
C:\Users\wwwol\Downloads\indiv3\Lab14\Scene.h(7,10): warning C4067: непредвиденные лексемы за директивой препроцессора, требуется newline
C:\Users\wwwol\Downloads\indiv3\Lab14\Scene.h(32,10): warning C4930: Camera camera(void): функция с прототипом не вызвана (предполагалось определение переменной?)
  Lab14.vcxproj -> C:\Users\wwwol\Downloads\indiv3\Lab14\x64\Debug\Lab14.exe
  "pwsh.exe" не является внутренней или внешней
  командой, исполняемой программой или пакетным файлом.
